This is pdfTeX, Version 3.1415926-2.5-1.40.14 (TeX Live 2013/Debian) (format=pdflatex 2014.4.22)  26 APR 2014 23:00
entering extended mode
 restricted \write18 enabled.
 %&-line parsing enabled.
**report.txt
(./report.txt
LaTeX2e <2011/06/27>
Babel <3.9h> and hyphenation patterns for 2 languages loaded.
(/usr/share/texlive/texmf-dist/tex/latex/base/article.cls
Document Class: article 2007/10/19 v1.4h Standard LaTeX document class
(/usr/share/texlive/texmf-dist/tex/latex/base/size11.clo
File: size11.clo 2007/10/19 v1.4h Standard LaTeX file (size option)
)
\c@part=\count79
\c@section=\count80
\c@subsection=\count81
\c@subsubsection=\count82
\c@paragraph=\count83
\c@subparagraph=\count84
\c@figure=\count85
\c@table=\count86
\abovecaptionskip=\skip41
\belowcaptionskip=\skip42
\bibindent=\dimen102
)
(/usr/share/texlive/texmf-dist/tex/latex/amsmath/amsmath.sty
Package: amsmath 2013/01/14 v2.14 AMS math features
\@mathmargin=\skip43

For additional information on amsmath, use the `?' option.
(/usr/share/texlive/texmf-dist/tex/latex/amsmath/amstext.sty
Package: amstext 2000/06/29 v2.01

(/usr/share/texlive/texmf-dist/tex/latex/amsmath/amsgen.sty
File: amsgen.sty 1999/11/30 v2.0
\@emptytoks=\toks14
\ex@=\dimen103
))
(/usr/share/texlive/texmf-dist/tex/latex/amsmath/amsbsy.sty
Package: amsbsy 1999/11/29 v1.2d
\pmbraise@=\dimen104
)
(/usr/share/texlive/texmf-dist/tex/latex/amsmath/amsopn.sty
Package: amsopn 1999/12/14 v2.01 operator names
)
\inf@bad=\count87
LaTeX Info: Redefining \frac on input line 210.
\uproot@=\count88
\leftroot@=\count89
LaTeX Info: Redefining \overline on input line 306.
\classnum@=\count90
\DOTSCASE@=\count91
LaTeX Info: Redefining \ldots on input line 378.
LaTeX Info: Redefining \dots on input line 381.
LaTeX Info: Redefining \cdots on input line 466.
\Mathstrutbox@=\box26
\strutbox@=\box27
\big@size=\dimen105
LaTeX Font Info:    Redeclaring font encoding OML on input line 566.
LaTeX Font Info:    Redeclaring font encoding OMS on input line 567.
\macc@depth=\count92
\c@MaxMatrixCols=\count93
\dotsspace@=\muskip10
\c@parentequation=\count94
\dspbrk@lvl=\count95
\tag@help=\toks15
\row@=\count96
\column@=\count97
\maxfields@=\count98
\andhelp@=\toks16
\eqnshift@=\dimen106
\alignsep@=\dimen107
\tagshift@=\dimen108
\tagwidth@=\dimen109
\totwidth@=\dimen110
\lineht@=\dimen111
\@envbody=\toks17
\multlinegap=\skip44
\multlinetaggap=\skip45
\mathdisplay@stack=\toks18
LaTeX Info: Redefining \[ on input line 2665.
LaTeX Info: Redefining \] on input line 2666.
)
(/usr/share/texlive/texmf-dist/tex/latex/graphics/graphicx.sty
Package: graphicx 1999/02/16 v1.0f Enhanced LaTeX Graphics (DPC,SPQR)

(/usr/share/texlive/texmf-dist/tex/latex/graphics/keyval.sty
Package: keyval 1999/03/16 v1.13 key=value parser (DPC)
\KV@toks@=\toks19
)
(/usr/share/texlive/texmf-dist/tex/latex/graphics/graphics.sty
Package: graphics 2009/02/05 v1.0o Standard LaTeX Graphics (DPC,SPQR)

(/usr/share/texlive/texmf-dist/tex/latex/graphics/trig.sty
Package: trig 1999/03/16 v1.09 sin cos tan (DPC)
)
(/usr/share/texlive/texmf-dist/tex/latex/latexconfig/graphics.cfg
File: graphics.cfg 2010/04/23 v1.9 graphics configuration of TeX Live
)
Package graphics Info: Driver file: pdftex.def on input line 91.

(/usr/share/texlive/texmf-dist/tex/latex/pdftex-def/pdftex.def
File: pdftex.def 2011/05/27 v0.06d Graphics/color for pdfTeX

(/usr/share/texlive/texmf-dist/tex/generic/oberdiek/infwarerr.sty
Package: infwarerr 2010/04/08 v1.3 Providing info/warning/error messages (HO)
)
(/usr/share/texlive/texmf-dist/tex/generic/oberdiek/ltxcmds.sty
Package: ltxcmds 2011/11/09 v1.22 LaTeX kernel commands for general use (HO)
)
\Gread@gobject=\count99
))
\Gin@req@height=\dimen112
\Gin@req@width=\dimen113
)
(/usr/share/texlive/texmf-dist/tex/latex/geometry/geometry.sty
Package: geometry 2010/09/12 v5.6 Page Geometry

(/usr/share/texlive/texmf-dist/tex/generic/oberdiek/ifpdf.sty
Package: ifpdf 2011/01/30 v2.3 Provides the ifpdf switch (HO)
Package ifpdf Info: pdfTeX in PDF mode is detected.
)
(/usr/share/texlive/texmf-dist/tex/generic/oberdiek/ifvtex.sty
Package: ifvtex 2010/03/01 v1.5 Detect VTeX and its facilities (HO)
Package ifvtex Info: VTeX not detected.
)
(/usr/share/texlive/texmf-dist/tex/generic/ifxetex/ifxetex.sty
Package: ifxetex 2010/09/12 v0.6 Provides ifxetex conditional
)
\Gm@cnth=\count100
\Gm@cntv=\count101
\c@Gm@tempcnt=\count102
\Gm@bindingoffset=\dimen114
\Gm@wd@mp=\dimen115
\Gm@odd@mp=\dimen116
\Gm@even@mp=\dimen117
\Gm@layoutwidth=\dimen118
\Gm@layoutheight=\dimen119
\Gm@layouthoffset=\dimen120
\Gm@layoutvoffset=\dimen121
\Gm@dimlist=\toks20
) (./report.aux)
\openout1 = `report.aux'.

LaTeX Font Info:    Checking defaults for OML/cmm/m/it on input line 6.
LaTeX Font Info:    ... okay on input line 6.
LaTeX Font Info:    Checking defaults for T1/cmr/m/n on input line 6.
LaTeX Font Info:    ... okay on input line 6.
LaTeX Font Info:    Checking defaults for OT1/cmr/m/n on input line 6.
LaTeX Font Info:    ... okay on input line 6.
LaTeX Font Info:    Checking defaults for OMS/cmsy/m/n on input line 6.
LaTeX Font Info:    ... okay on input line 6.
LaTeX Font Info:    Checking defaults for OMX/cmex/m/n on input line 6.
LaTeX Font Info:    ... okay on input line 6.
LaTeX Font Info:    Checking defaults for U/cmr/m/n on input line 6.
LaTeX Font Info:    ... okay on input line 6.
(/usr/share/texlive/texmf-dist/tex/context/base/supp-pdf.mkii
[Loading MPS to PDF converter (version 2006.09.02).]
\scratchcounter=\count103
\scratchdimen=\dimen122
\scratchbox=\box28
\nofMPsegments=\count104
\nofMParguments=\count105
\everyMPshowfont=\toks21
\MPscratchCnt=\count106
\MPscratchDim=\dimen123
\MPnumerator=\count107
\makeMPintoPDFobject=\count108
\everyMPtoPDFconversion=\toks22
) (/usr/share/texlive/texmf-dist/tex/generic/oberdiek/pdftexcmds.sty
Package: pdftexcmds 2011/11/29 v0.20 Utility functions of pdfTeX for LuaTeX (HO
)

(/usr/share/texlive/texmf-dist/tex/generic/oberdiek/ifluatex.sty
Package: ifluatex 2010/03/01 v1.3 Provides the ifluatex switch (HO)
Package ifluatex Info: LuaTeX not detected.
)
Package pdftexcmds Info: LuaTeX not detected.
Package pdftexcmds Info: \pdf@primitive is available.
Package pdftexcmds Info: \pdf@ifprimitive is available.
Package pdftexcmds Info: \pdfdraftmode found.
)
(/usr/share/texlive/texmf-dist/tex/latex/oberdiek/epstopdf-base.sty
Package: epstopdf-base 2010/02/09 v2.5 Base part for package epstopdf

(/usr/share/texlive/texmf-dist/tex/latex/oberdiek/grfext.sty
Package: grfext 2010/08/19 v1.1 Manage graphics extensions (HO)

(/usr/share/texlive/texmf-dist/tex/generic/oberdiek/kvdefinekeys.sty
Package: kvdefinekeys 2011/04/07 v1.3 Define keys (HO)
))
(/usr/share/texlive/texmf-dist/tex/latex/oberdiek/kvoptions.sty
Package: kvoptions 2011/06/30 v3.11 Key value format for package options (HO)

(/usr/share/texlive/texmf-dist/tex/generic/oberdiek/kvsetkeys.sty
Package: kvsetkeys 2012/04/25 v1.16 Key value parser (HO)

(/usr/share/texlive/texmf-dist/tex/generic/oberdiek/etexcmds.sty
Package: etexcmds 2011/02/16 v1.5 Avoid name clashes with e-TeX commands (HO)
Package etexcmds Info: Could not find \expanded.
(etexcmds)             That can mean that you are not using pdfTeX 1.50 or
(etexcmds)             that some package has redefined \expanded.
(etexcmds)             In the latter case, load this package earlier.
)))
Package grfext Info: Graphics extension search list:
(grfext)             [.png,.pdf,.jpg,.mps,.jpeg,.jbig2,.jb2,.PNG,.PDF,.JPG,.JPE
G,.JBIG2,.JB2,.eps]
(grfext)             \AppendGraphicsExtensions on input line 452.

(/usr/share/texlive/texmf-dist/tex/latex/latexconfig/epstopdf-sys.cfg
File: epstopdf-sys.cfg 2010/07/13 v1.3 Configuration of (r)epstopdf for TeX Liv
e
))
*geometry* driver: auto-detecting
*geometry* detected driver: pdftex
*geometry* verbose mode - [ preamble ] result:
* driver: pdftex
* paper: <default>
* layout: <same size as paper>
* layoutoffset:(h,v)=(0.0pt,0.0pt)
* modes: 
* h-part:(L,W,R)=(57.81621pt, 498.66258pt, 57.81621pt)
* v-part:(T,H,B)=(57.81621pt, 679.33757pt, 57.81621pt)
* \paperwidth=614.295pt
* \paperheight=794.96999pt
* \textwidth=498.66258pt
* \textheight=679.33757pt
* \oddsidemargin=-14.45378pt
* \evensidemargin=-14.45378pt
* \topmargin=-51.45378pt
* \headheight=12.0pt
* \headsep=25.0pt
* \topskip=11.0pt
* \footskip=30.0pt
* \marginparwidth=4.0pt
* \marginparsep=10.0pt
* \columnsep=10.0pt
* \skip\footins=10.0pt plus 4.0pt minus 2.0pt
* \hoffset=0.0pt
* \voffset=0.0pt
* \mag=1000
* \@twocolumntrue
* \@twosidefalse
* \@mparswitchfalse
* \@reversemarginfalse
* (1in=72.27pt=25.4mm, 1cm=28.453pt)

<figures/TempDepthProfile.jpg, id=1, 237.88875pt x 289.08pt>
File: figures/TempDepthProfile.jpg Graphic file (type jpg)

<use figures/TempDepthProfile.jpg>
Package pdftex.def Info: figures/TempDepthProfile.jpg used on input line 53.
(pdftex.def)             Requested size: 241.84842pt x 293.9049pt.

Underfull \vbox (badness 10000) has occurred while \output is active []

 [1{/var/lib/texmf/fonts/map/pdftex/updmap/pdftex.map}


]
<figures/isotherm_depth_along_the_equator.png, id=13, 578.16pt x 433.62pt>
File: figures/isotherm_depth_along_the_equator.png Graphic file (type png)

<use figures/isotherm_depth_along_the_equator.png>
Package pdftex.def Info: figures/isotherm_depth_along_the_equator.png used on i
nput line 75.
(pdftex.def)             Requested size: 256.0748pt x 192.05052pt.

Overfull \hbox (11.74352pt too wide) in paragraph at lines 75--79
 [][] 
 []


Underfull \vbox (badness 10000) has occurred while \output is active []

 [2 <./figures/TempDepthProfile.jpg> <./figures/isotherm_depth_along_the_equato
r.png>]
<figures/solubility_co2_water.png, id=19, 280.4076pt x 262.3401pt>
File: figures/solubility_co2_water.png Graphic file (type png)

<use figures/solubility_co2_water.png>
Package pdftex.def Info: figures/solubility_co2_water.png used on input line 16
1.
(pdftex.def)             Requested size: 256.0748pt x 239.57448pt.

Overfull \hbox (11.74352pt too wide) in paragraph at lines 161--163
 [][] 
 []


LaTeX Warning: Reference `solubility' on page 3 undefined on input line 177.


LaTeX Warning: Reference `solubility' on page 3 undefined on input line 183.


Underfull \hbox (badness 1383) in paragraph at lines 189--190
[]\OT1/cmr/m/n/10.95 Using Henry's con-stant, Equa-tion 1[] can be
 []

[3 <./figures/solubility_co2_water.png (PNG copy)>]
<figures/masters_diagram.png, id=27, 395.076pt x 218.61674pt>
File: figures/masters_diagram.png Graphic file (type png)

<use figures/masters_diagram.png>
Package pdftex.def Info: figures/masters_diagram.png used on input line 289.
(pdftex.def)             Requested size: 256.0748pt x 141.70222pt.

Overfull \hbox (11.74352pt too wide) in paragraph at lines 289--291
 [][] 
 []

[4]
LaTeX Font Info:    Try loading font information for OMS+cmr on input line 334.

 (/usr/share/texlive/texmf-dist/tex/latex/base/omscmr.fd
File: omscmr.fd 1999/05/25 v2.5h Standard LaTeX font definitions
)
LaTeX Font Info:    Font shape `OMS/cmr/m/n' in size <10.95> not available
(Font)              Font shape `OMS/cmsy/m/n' tried instead on input line 334.
 [5 <./figures/masters_diagram.png>]
<figures/scatter_plot_SST_vs_isotherm.png, id=34, 578.16pt x 433.62pt>
File: figures/scatter_plot_SST_vs_isotherm.png Graphic file (type png)

<use figures/scatter_plot_SST_vs_isotherm.png>
Package pdftex.def Info: figures/scatter_plot_SST_vs_isotherm.png used on input
 line 381.
(pdftex.def)             Requested size: 256.0748pt x 192.05052pt.

Overfull \hbox (11.74352pt too wide) in paragraph at lines 381--382
 [][] 
 []

<figures/form_of_a.png, id=35, 322.806pt x 259.56975pt>
File: figures/form_of_a.png Graphic file (type png)

<use figures/form_of_a.png>
Package pdftex.def Info: figures/form_of_a.png used on input line 445.
(pdftex.def)             Requested size: 256.0748pt x 205.92525pt.

Overfull \hbox (11.74352pt too wide) in paragraph at lines 445--446
 [][] 
 []

<figures/correlation_map_sst.png, id=36, 578.16pt x 433.62pt>
File: figures/correlation_map_sst.png Graphic file (type png)

<use figures/correlation_map_sst.png>
Package pdftex.def Info: figures/correlation_map_sst.png used on input line 452
.
(pdftex.def)             Requested size: 256.0748pt x 192.05052pt.

Overfull \hbox (11.74352pt too wide) in paragraph at lines 452--453
 [][] 
 []

<figures/isotherm_anomaly_model.png, id=37, 578.16pt x 433.62pt>
File: figures/isotherm_anomaly_model.png Graphic file (type png)

<use figures/isotherm_anomaly_model.png>
Package pdftex.def Info: figures/isotherm_anomaly_model.png used on input line 
468.
(pdftex.def)             Requested size: 241.84842pt x 181.38472pt.

Underfull \hbox (badness 2142) in paragraph at lines 469--469
[]\OT1/cmr/m/n/10.95 Figure 8: Com-par-i-son of the out-put of the
 []

[6 <./figures/scatter_plot_SST_vs_isotherm.png>]
<figures/observed_time_averaged_flux.png, id=42, 578.16pt x 433.62pt>
File: figures/observed_time_averaged_flux.png Graphic file (type png)

<use figures/observed_time_averaged_flux.png>
Package pdftex.def Info: figures/observed_time_averaged_flux.png used on input 
line 490.
(pdftex.def)             Requested size: 256.0748pt x 192.05052pt.

Overfull \hbox (11.74352pt too wide) in paragraph at lines 490--492
 [][] 
 []

<figures/zoomed_time_average_flux.png, id=43, 578.16pt x 433.62pt>
File: figures/zoomed_time_average_flux.png Graphic file (type png)

<use figures/zoomed_time_average_flux.png>
Package pdftex.def Info: figures/zoomed_time_average_flux.png used on input lin
e 498.
(pdftex.def)             Requested size: 256.0748pt x 192.05052pt.

Overfull \hbox (11.74352pt too wide) in paragraph at lines 498--499
 [][] 
 []

<figures/flux_at_one_latitude.png, id=44, 578.16pt x 433.62pt>
File: figures/flux_at_one_latitude.png Graphic file (type png)

<use figures/flux_at_one_latitude.png>
Package pdftex.def Info: figures/flux_at_one_latitude.png used on input line 51
0.
(pdftex.def)             Requested size: 256.0748pt x 192.05052pt.

Overfull \hbox (11.74352pt too wide) in paragraph at lines 510--512
 [][] 
 []


Underfull \vbox (badness 1048) has occurred while \output is active []


<figures/carbon_flux.png, id=45, 578.16pt x 433.62pt>
File: figures/carbon_flux.png Graphic file (type png)

<use figures/carbon_flux.png>
Package pdftex.def Info: figures/carbon_flux.png used on input line 526.
(pdftex.def)             Requested size: 256.0748pt x 192.05052pt.

Overfull \hbox (11.74352pt too wide) in paragraph at lines 526--527
 [][] 
 []

[7 <./figures/form_of_a.png> <./figures/correlation_map_sst.png> <./figures/iso
therm_anomaly_model.png>]
<figures/carbon_flux_east_vs_west.png, id=52, 578.16pt x 433.62pt>
File: figures/carbon_flux_east_vs_west.png Graphic file (type png)

<use figures/carbon_flux_east_vs_west.png>
Package pdftex.def Info: figures/carbon_flux_east_vs_west.png used on input lin
e 540.
(pdftex.def)             Requested size: 256.0748pt x 192.05052pt.

Overfull \hbox (11.74352pt too wide) in paragraph at lines 540--541
 [][] 
 []

<figures/carbon_flux_isotherm_depth.png, id=53, 578.16pt x 433.62pt>
File: figures/carbon_flux_isotherm_depth.png Graphic file (type png)

<use figures/carbon_flux_isotherm_depth.png>
Package pdftex.def Info: figures/carbon_flux_isotherm_depth.png used on input l
ine 553.
(pdftex.def)             Requested size: 256.0748pt x 192.05052pt.

Overfull \hbox (11.74352pt too wide) in paragraph at lines 553--555
 [][] 
 []

<figures/model_iso_carbon_flux.png, id=54, 578.16pt x 433.62pt>
File: figures/model_iso_carbon_flux.png Graphic file (type png)

<use figures/model_iso_carbon_flux.png>
Package pdftex.def Info: figures/model_iso_carbon_flux.png used on input line 5
61.
(pdftex.def)             Requested size: 256.0748pt x 192.05052pt.

Overfull \hbox (11.74352pt too wide) in paragraph at lines 561--564
 [][] 
 []


Underfull \vbox (badness 1122) has occurred while \output is active []

 [8 <./figures/observed_time_averaged_flux.png> <./figures/zoomed_time_average_
flux.png>]
<figures/Ocean_surface_currents.jpg, id=60, 697.8572pt x 361.35pt>
File: figures/Ocean_surface_currents.jpg Graphic file (type jpg)

<use figures/Ocean_surface_currents.jpg>
Package pdftex.def Info: figures/Ocean_surface_currents.jpg used on input line 
606.
(pdftex.def)             Requested size: 241.84842pt x 125.22829pt.

Underfull \vbox (badness 5036) has occurred while \output is active []

 [9 <./figures/flux_at_one_latitude.png> <./figures/carbon_flux.png> <./figures
/carbon_flux_east_vs_west.png>]
Underfull \vbox (badness 1122) has occurred while \output is active []

 [10 <./figures/carbon_flux_isotherm_depth.png> <./figures/model_iso_carbon_flu
x.png> <./figures/Ocean_surface_currents.jpg>]
Overfull \hbox (48.82489pt too wide) in paragraph at lines 667--670
\OT1/cmr/m/n/10.95 http://www.metoffice.gov.uk/research/climate/seasonal-
 []


Underfull \hbox (badness 10000) in paragraph at lines 667--670
\OT1/cmr/m/n/10.95 to-decadal/gpc-outlooks/el-nino-la-nina/enso-
 []


Overfull \hbox (97.79578pt too wide) in paragraph at lines 671--673
\OT1/cmr/m/n/10.95 http://www.hurricanescience.org/science/observation/ships/sh
ips/
 []


Underfull \hbox (badness 2818) in paragraph at lines 677--679
[]\OT1/cmr/m/n/10.95 J. Bjerk-nes, At-mo-spheric Tele-con-nerc-tions
 []


Underfull \hbox (badness 10000) in paragraph at lines 680--682
[]\OT1/cmr/m/n/10.95 The En-gi-neer-ing Tool-box. Avail-able at
 []


Underfull \hbox (badness 10000) in paragraph at lines 680--682
\OT1/cmr/m/n/10.95 http://www.engineeringtoolbox.com/gases-
 []


Underfull \hbox (badness 10000) in paragraph at lines 680--682
\OT1/cmr/m/n/10.95 solubility-water-d[]1148.html. (Ac-cessed 30
 []


Underfull \hbox (badness 1852) in paragraph at lines 686--688
\OT1/cmr/m/n/10.95 A Com-par-a-tive Study, \OT1/cmr/m/it/10.95 Global Bio-chem-
i-cal
 []

[11] (./report.aux)

LaTeX Warning: There were undefined references.

 ) 
Here is how much of TeX's memory you used:
 2710 strings out of 495028
 38813 string characters out of 6181497
 107441 words of memory out of 5000000
 5877 multiletter control sequences out of 15000+600000
 10984 words of font info for 39 fonts, out of 8000000 for 9000
 14 hyphenation exceptions out of 8191
 38i,15n,32p,410b,234s stack positions out of 5000i,500n,10000p,200000b,80000s
</usr/share/texlive/texmf-dist/fonts/type1/public/amsfonts/cm/cmbx10.pfb></us
r/share/texlive/texmf-dist/fonts/type1/public/amsfonts/cm/cmbx12.pfb></usr/shar
e/texlive/texmf-dist/fonts/type1/public/amsfonts/cm/cmmi10.pfb></usr/share/texl
ive/texmf-dist/fonts/type1/public/amsfonts/cm/cmmi8.pfb></usr/share/texlive/tex
mf-dist/fonts/type1/public/amsfonts/cm/cmr10.pfb></usr/share/texlive/texmf-dist
/fonts/type1/public/amsfonts/cm/cmr12.pfb></usr/share/texlive/texmf-dist/fonts/
type1/public/amsfonts/cm/cmr17.pfb></usr/share/texlive/texmf-dist/fonts/type1/p
ublic/amsfonts/cm/cmr8.pfb></usr/share/texlive/texmf-dist/fonts/type1/public/am
sfonts/cm/cmsy10.pfb></usr/share/texlive/texmf-dist/fonts/type1/public/amsfonts
/cm/cmsy8.pfb></usr/share/texlive/texmf-dist/fonts/type1/public/amsfonts/cm/cmt
i10.pfb>
Output written on report.pdf (11 pages, 1050499 bytes).
PDF statistics:
 112 PDF objects out of 1000 (max. 8388607)
 60 compressed objects within 1 object stream
 0 named destinations out of 1000 (max. 500000)
 81 words of extra memory for PDF output out of 10000 (max. 10000000)

